#
# There is insufficient memory for the Java Runtime Environment to continue.
# Native memory allocation (malloc) failed to allocate 679216 bytes for Chunk::new
# Possible reasons:
#   The system is out of physical RAM or swap space
#   The process is running with CompressedOops enabled, and the Java Heap may be blocking the growth of the native heap
# Possible solutions:
#   Reduce memory load on the system
#   Increase physical memory or swap space
#   Check if swap backing store is full
#   Decrease Java heap size (-Xmx/-Xms)
#   Decrease number of Java threads
#   Decrease Java thread stack sizes (-Xss)
#   Set larger code cache with -XX:ReservedCodeCacheSize=
#   JVM is running with Unscaled Compressed Oops mode in which the Java heap is
#     placed in the first 4GB address space. The Java Heap base address is the
#     maximum limit for the native heap growth. Please use -XX:HeapBaseMinAddress
#     to set the Java Heap base and to place the Java Heap above 4GB virtual address.
# This output file may be truncated or incomplete.
#
#  Out of Memory Error (allocation.cpp:389), pid=4712, tid=0x0000000000003e04
#
# JRE version: Java(TM) SE Runtime Environment (8.0_221-b11) (build 1.8.0_221-b11)
# Java VM: Java HotSpot(TM) 64-Bit Server VM (25.221-b11 mixed mode windows-amd64 compressed oops)
# Failed to write core dump. Minidumps are not enabled by default on client versions of Windows
#

---------------  T H R E A D  ---------------

Current thread (0x0000000014b50800):  JavaThread "C2 CompilerThread0" daemon [_thread_in_native, id=15876, stack(0x0000000016190000,0x0000000016290000)]

Stack: [0x0000000016190000,0x0000000016290000]
[error occurred during error reporting (printing stack bounds), id 0xc0000005]

Native frames: (J=compiled Java code, j=interpreted, Vv=VM code, C=native code)


Current CompileTask:
C2:   5829 1344       4       java.net.URLClassLoader$1::run (5 bytes)


---------------  P R O C E S S  ---------------

Java Threads: ( => current thread )
  0x000000000098e000 JavaThread "DestroyJavaVM" [_thread_blocked, id=15476, stack(0x0000000002340000,0x0000000002440000)]
  0x00000000170db800 JavaThread "pool-1-thread-1" [_thread_blocked, id=1408, stack(0x0000000017ad0000,0x0000000017bd0000)]
  0x0000000016ead800 JavaThread "Abandoned connection cleanup thread" daemon [_thread_blocked, id=13340, stack(0x00000000177d0000,0x00000000178d0000)]
  0x0000000014bae800 JavaThread "Service Thread" daemon [_thread_blocked, id=8276, stack(0x0000000016890000,0x0000000016990000)]
  0x0000000014b96800 JavaThread "C1 CompilerThread2" daemon [_thread_blocked, id=13812, stack(0x0000000016390000,0x0000000016490000)]
  0x0000000014b71800 JavaThread "C2 CompilerThread1" daemon [_thread_in_native, id=9360, stack(0x0000000016290000,0x0000000016390000)]
=>0x0000000014b50800 JavaThread "C2 CompilerThread0" daemon [_thread_in_native, id=15876, stack(0x0000000016190000,0x0000000016290000)]
  0x0000000014b4e800 JavaThread "Attach Listener" daemon [_thread_blocked, id=15032, stack(0x0000000016090000,0x0000000016190000)]
  0x0000000014b4d000 JavaThread "Signal Dispatcher" daemon [_thread_blocked, id=4928, stack(0x0000000015f90000,0x0000000016090000)]
  0x000000000253c000 JavaThread "Finalizer" daemon [_thread_blocked, id=14824, stack(0x0000000015da0000,0x0000000015ea0000)]
  0x0000000002532000 JavaThread "Reference Handler" daemon [_thread_blocked, id=14688, stack(0x0000000015ca0000,0x0000000015da0000)]

Other Threads:
  0x0000000014b17800 VMThread [stack: 0x0000000015ba0000,0x0000000015ca0000] [id=2064]
  0x00000000164dd000 WatcherThread [stack: 0x0000000016990000,0x0000000016a90000] [id=13076]

VM state:not at safepoint (normal execution)

VM Mutex/Monitor currently owned by a thread: None

heap address: 0x00000000c1400000, size: 1004 MB, Compressed Oops mode: 32-bit
Narrow klass base: 0x0000000000000000, Narrow klass shift: 3
Compressed class space size: 1073741824 Address: 0x0000000100000000

Heap:
 PSYoungGen      total 74240K, used 17722K [0x00000000eb180000, 0x00000000f0380000, 0x0000000100000000)
  eden space 65536K, 27% used [0x00000000eb180000,0x00000000ec2ce938,0x00000000ef180000)
  from space 8704K, 0% used [0x00000000efb00000,0x00000000efb00000,0x00000000f0380000)
  to   space 9216K, 0% used [0x00000000ef180000,0x00000000ef180000,0x00000000efa80000)
 ParOldGen       total 35840K, used 9304K [0x00000000c1400000, 0x00000000c3700000, 0x00000000eb180000)
  object space 35840K, 25% used [0x00000000c1400000,0x00000000c1d16318,0x00000000c3700000)
 Metaspace       used 24279K, capacity 24528K, committed 24960K, reserved 1071104K
  class space    used 3336K, capacity 3424K, committed 3456K, reserved 1048576K

Card table byte_map: [0x0000000011900000,0x0000000011b00000] byte_map_base: 0x00000000112f6000

Marking Bits: (ParMarkBitMap*) 0x0000000062e95ce0
 Begin Bits: [0x0000000012050000, 0x0000000013000000)
 End Bits:   [0x0000000013000000, 0x0000000013fb0000)

Polling page: 0x00000000005f0000

CodeCache: size=245760Kb used=4561Kb max_used=4561Kb free=241198Kb
 bounds [0x0000000002540000, 0x00000000029c0000, 0x0000000011540000]
 total_blobs=1861 nmethods=1380 adapters=394
 compilation: enabled

Compilation events (10 events):
Event: 5.526 Thread 0x0000000014b96800 1379       3       java.io.OutputStream::flush (1 bytes)
Event: 5.526 Thread 0x0000000014b96800 nmethod 1379 0x00000000029b53d0 code [0x00000000029b5520, 0x00000000029b5670]
Event: 5.529 Thread 0x0000000014b96800 1380       3       java.io.PrintStream::ensureOpen (18 bytes)
Event: 5.529 Thread 0x0000000014b96800 nmethod 1380 0x00000000029b56d0 code [0x00000000029b5840, 0x00000000029b5a88]
Event: 5.533 Thread 0x0000000014b96800 1381       1       sun.nio.cs.StreamEncoder::isOpen (5 bytes)
Event: 5.534 Thread 0x0000000014b96800 nmethod 1381 0x00000000029b5b50 code [0x00000000029b5ca0, 0x00000000029b5db0]
Event: 5.535 Thread 0x0000000014b96800 1382       3       java.lang.AbstractStringBuilder::append (62 bytes)
Event: 5.536 Thread 0x0000000014b96800 nmethod 1382 0x00000000029b5e10 code [0x00000000029b6000, 0x00000000029b6938]
Event: 5.536 Thread 0x0000000014b96800 1383       3       java.io.BufferedWriter::ensureOpen (18 bytes)
Event: 5.536 Thread 0x0000000014b96800 nmethod 1383 0x00000000029b6e50 code [0x00000000029b6fc0, 0x00000000029b7208]

GC Heap History (10 events):
Event: 1.214 GC heap before
{Heap before GC invocations=3 (full 0):
 PSYoungGen      total 18944K, used 16912K [0x00000000eb180000, 0x00000000ed680000, 0x0000000100000000)
  eden space 16384K, 100% used [0x00000000eb180000,0x00000000ec180000,0x00000000ec180000)
  from space 2560K, 20% used [0x00000000ec400000,0x00000000ec4840d0,0x00000000ec680000)
  to   space 2560K, 0% used [0x00000000ec180000,0x00000000ec180000,0x00000000ec400000)
 ParOldGen       total 44032K, used 8K [0x00000000c1400000, 0x00000000c3f00000, 0x00000000eb180000)
  object space 44032K, 0% used [0x00000000c1400000,0x00000000c1402000,0x00000000c3f00000)
 Metaspace       used 7793K, capacity 7966K, committed 8064K, reserved 1056768K
  class space    used 1025K, capacity 1083K, committed 1152K, reserved 1048576K
Event: 1.221 GC heap after
Heap after GC invocations=3 (full 0):
 PSYoungGen      total 18944K, used 2530K [0x00000000eb180000, 0x00000000ed680000, 0x0000000100000000)
  eden space 16384K, 0% used [0x00000000eb180000,0x00000000eb180000,0x00000000ec180000)
  from space 2560K, 98% used [0x00000000ec180000,0x00000000ec3f8ae0,0x00000000ec400000)
  to   space 2560K, 0% used [0x00000000ed400000,0x00000000ed400000,0x00000000ed680000)
 ParOldGen       total 44032K, used 1350K [0x00000000c1400000, 0x00000000c3f00000, 0x00000000eb180000)
  object space 44032K, 3% used [0x00000000c1400000,0x00000000c1551bb0,0x00000000c3f00000)
 Metaspace       used 7793K, capacity 7966K, committed 8064K, reserved 1056768K
  class space    used 1025K, capacity 1083K, committed 1152K, reserved 1048576K
}
Event: 2.276 GC heap before
{Heap before GC invocations=4 (full 0):
 PSYoungGen      total 18944K, used 18900K [0x00000000eb180000, 0x00000000ed680000, 0x0000000100000000)
  eden space 16384K, 99% used [0x00000000eb180000,0x00000000ec17c8a8,0x00000000ec180000)
  from space 2560K, 98% used [0x00000000ec180000,0x00000000ec3f8ae0,0x00000000ec400000)
  to   space 2560K, 0% used [0x00000000ed400000,0x00000000ed400000,0x00000000ed680000)
 ParOldGen       total 44032K, used 1350K [0x00000000c1400000, 0x00000000c3f00000, 0x00000000eb180000)
  object space 44032K, 3% used [0x00000000c1400000,0x00000000c1551bb0,0x00000000c3f00000)
 Metaspace       used 13105K, capacity 13300K, committed 13440K, reserved 1060864K
  class space    used 1730K, capacity 1814K, committed 1920K, reserved 1048576K
Event: 2.287 GC heap after
Heap after GC invocations=4 (full 0):
 PSYoungGen      total 35328K, used 2559K [0x00000000eb180000, 0x00000000ed680000, 0x0000000100000000)
  eden space 32768K, 0% used [0x00000000eb180000,0x00000000eb180000,0x00000000ed180000)
  from space 2560K, 99% used [0x00000000ed400000,0x00000000ed67ff48,0x00000000ed680000)
  to   space 2560K, 0% used [0x00000000ed180000,0x00000000ed180000,0x00000000ed400000)
 ParOldGen       total 44032K, used 3841K [0x00000000c1400000, 0x00000000c3f00000, 0x00000000eb180000)
  object space 44032K, 8% used [0x00000000c1400000,0x00000000c17c04c8,0x00000000c3f00000)
 Metaspace       used 13105K, capacity 13300K, committed 13440K, reserved 1060864K
  class space    used 1730K, capacity 1814K, committed 1920K, reserved 1048576K
}
Event: 3.743 GC heap before
{Heap before GC invocations=5 (full 0):
 PSYoungGen      total 35328K, used 35327K [0x00000000eb180000, 0x00000000ed680000, 0x0000000100000000)
  eden space 32768K, 100% used [0x00000000eb180000,0x00000000ed180000,0x00000000ed180000)
  from space 2560K, 99% used [0x00000000ed400000,0x00000000ed67ff48,0x00000000ed680000)
  to   space 2560K, 0% used [0x00000000ed180000,0x00000000ed180000,0x00000000ed400000)
 ParOldGen       total 44032K, used 3841K [0x00000000c1400000, 0x00000000c3f00000, 0x00000000eb180000)
  object space 44032K, 8% used [0x00000000c1400000,0x00000000c17c04c8,0x00000000c3f00000)
 Metaspace       used 20156K, capacity 20432K, committed 20864K, reserved 1067008K
  class space    used 2770K, capacity 2856K, committed 2944K, reserved 1048576K
Event: 3.759 GC heap after
Heap after GC invocations=5 (full 0):
 PSYoungGen      total 35328K, used 2544K [0x00000000eb180000, 0x00000000f0480000, 0x0000000100000000)
  eden space 32768K, 0% used [0x00000000eb180000,0x00000000eb180000,0x00000000ed180000)
  from space 2560K, 99% used [0x00000000ed180000,0x00000000ed3fc368,0x00000000ed400000)
  to   space 9728K, 0% used [0x00000000efb00000,0x00000000efb00000,0x00000000f0480000)
 ParOldGen       total 44032K, used 10026K [0x00000000c1400000, 0x00000000c3f00000, 0x00000000eb180000)
  object space 44032K, 22% used [0x00000000c1400000,0x00000000c1dcabc0,0x00000000c3f00000)
 Metaspace       used 20156K, capacity 20432K, committed 20864K, reserved 1067008K
  class space    used 2770K, capacity 2856K, committed 2944K, reserved 1048576K
}
Event: 3.877 GC heap before
{Heap before GC invocations=6 (full 0):
 PSYoungGen      total 35328K, used 6426K [0x00000000eb180000, 0x00000000f0480000, 0x0000000100000000)
  eden space 32768K, 11% used [0x00000000eb180000,0x00000000eb54a708,0x00000000ed180000)
  from space 2560K, 99% used [0x00000000ed180000,0x00000000ed3fc368,0x00000000ed400000)
  to   space 9728K, 0% used [0x00000000efb00000,0x00000000efb00000,0x00000000f0480000)
 ParOldGen       total 44032K, used 10026K [0x00000000c1400000, 0x00000000c3f00000, 0x00000000eb180000)
  object space 44032K, 22% used [0x00000000c1400000,0x00000000c1dcabc0,0x00000000c3f00000)
 Metaspace       used 20784K, capacity 21012K, committed 21248K, reserved 1067008K
  class space    used 2875K, capacity 2986K, committed 3072K, reserved 1048576K
Event: 3.884 GC heap after
Heap after GC invocations=6 (full 0):
 PSYoungGen      total 74240K, used 3346K [0x00000000eb180000, 0x00000000f0380000, 0x0000000100000000)
  eden space 65536K, 0% used [0x00000000eb180000,0x00000000eb180000,0x00000000ef180000)
  from space 8704K, 38% used [0x00000000efb00000,0x00000000efe44b80,0x00000000f0380000)
  to   space 9216K, 0% used [0x00000000ef180000,0x00000000ef180000,0x00000000efa80000)
 ParOldGen       total 44032K, used 10034K [0x00000000c1400000, 0x00000000c3f00000, 0x00000000eb180000)
  object space 44032K, 22% used [0x00000000c1400000,0x00000000c1dccbc0,0x00000000c3f00000)
 Metaspace       used 20784K, capacity 21012K, committed 21248K, reserved 1067008K
  class space    used 2875K, capacity 2986K, committed 3072K, reserved 1048576K
}
Event: 3.884 GC heap before
{Heap before GC invocations=7 (full 1):
 PSYoungGen      total 74240K, used 3346K [0x00000000eb180000, 0x00000000f0380000, 0x0000000100000000)
  eden space 65536K, 0% used [0x00000000eb180000,0x00000000eb180000,0x00000000ef180000)
  from space 8704K, 38% used [0x00000000efb00000,0x00000000efe44b80,0x00000000f0380000)
  to   space 9216K, 0% used [0x00000000ef180000,0x00000000ef180000,0x00000000efa80000)
 ParOldGen       total 44032K, used 10034K [0x00000000c1400000, 0x00000000c3f00000, 0x00000000eb180000)
  object space 44032K, 22% used [0x00000000c1400000,0x00000000c1dccbc0,0x00000000c3f00000)
 Metaspace       used 20784K, capacity 21012K, committed 21248K, reserved 1067008K
  class space    used 2875K, capacity 2986K, committed 3072K, reserved 1048576K
Event: 3.931 GC heap after
Heap after GC invocations=7 (full 1):
 PSYoungGen      total 74240K, used 0K [0x00000000eb180000, 0x00000000f0380000, 0x0000000100000000)
  eden space 65536K, 0% used [0x00000000eb180000,0x00000000eb180000,0x00000000ef180000)
  from space 8704K, 0% used [0x00000000efb00000,0x00000000efb00000,0x00000000f0380000)
  to   space 9216K, 0% used [0x00000000ef180000,0x00000000ef180000,0x00000000efa80000)
 ParOldGen       total 35840K, used 9304K [0x00000000c1400000, 0x00000000c3700000, 0x00000000eb180000)
  object space 35840K, 25% used [0x00000000c1400000,0x00000000c1d16318,0x00000000c3700000)
 Metaspace       used 20784K, capacity 21012K, committed 21248K, reserved 1067008K
  class space    used 2875K, capacity 2986K, committed 3072K, reserved 1048576K
}

Deoptimization events (10 events):
Event: 1.196 Thread 0x000000000098e000 Uncommon trap: reason=unstable_if action=reinterpret pc=0x00000000027a3bb0 method=java.util.HashMap.getNode(ILjava/lang/Object;)Ljava/util/HashMap$Node; @ 62
Event: 1.251 Thread 0x000000000098e000 Uncommon trap: reason=unstable_if action=reinterpret pc=0x00000000027ad14c method=java.util.HashMap.getNode(ILjava/lang/Object;)Ljava/util/HashMap$Node; @ 129
Event: 2.039 Thread 0x000000000098e000 Uncommon trap: reason=unstable_if action=reinterpret pc=0x00000000026b3564 method=java.lang.String.indexOf([CII[CIII)I @ 134
Event: 2.043 Thread 0x000000000098e000 Uncommon trap: reason=unstable_if action=reinterpret pc=0x000000000277c8a4 method=java.lang.AbstractStringBuilder.append(Ljava/lang/String;)Ljava/lang/AbstractStringBuilder; @ 1
Event: 2.329 Thread 0x000000000098e000 Uncommon trap: reason=predicate action=maybe_recompile pc=0x00000000027a487c method=sun.net.www.ParseUtil.encodePath(Ljava/lang/String;Z)Ljava/lang/String; @ 36
Event: 2.881 Thread 0x000000000098e000 Uncommon trap: reason=range_check action=make_not_entrant pc=0x00000000027c9460 method=sun.reflect.generics.parser.SignatureParser.current()C @ 34
Event: 4.358 Thread 0x000000000098e000 Uncommon trap: reason=unstable_if action=reinterpret pc=0x00000000028fbd1c method=java.net.URL.<init>(Ljava/net/URL;Ljava/lang/String;Ljava/net/URLStreamHandler;)V @ 347
Event: 4.812 Thread 0x000000000098e000 Uncommon trap: reason=unstable_if action=reinterpret pc=0x00000000028c6248 method=java.lang.String.regionMatches(ZILjava/lang/String;II)Z @ 123
Event: 5.019 Thread 0x000000000098e000 Uncommon trap: reason=unstable_if action=reinterpret pc=0x0000000002684340 method=java.lang.CharacterData.of(I)Ljava/lang/CharacterData; @ 4
Event: 5.041 Thread 0x000000000098e000 Uncommon trap: reason=unstable_if action=reinterpret pc=0x0000000002888244 method=java.util.regex.Pattern$BmpCharProperty.match(Ljava/util/regex/Matcher;ILjava/lang/CharSequence;)Z @ 34

Classes redefined (0 events):
No events

Internal exceptions (10 events):
Event: 0.059 Thread 0x000000000098e000 Exception <a 'java/lang/NoSuchMethodError': Method sun.misc.Unsafe.defineClass(Ljava/lang/String;[BII)Ljava/lang/Class; name or signature does not match> (0x00000000eb187cb8) thrown at [C:\re\workspace\8-2-build-windows-amd64-cygwin\jdk8u221\13320\hotspot
Event: 0.059 Thread 0x000000000098e000 Exception <a 'java/lang/NoSuchMethodError': Method sun.misc.Unsafe.prefetchRead(Ljava/lang/Object;J)V name or signature does not match> (0x00000000eb187fa0) thrown at [C:\re\workspace\8-2-build-windows-amd64-cygwin\jdk8u221\13320\hotspot\src\share\vm\prim
Event: 0.340 Thread 0x000000000098e000 Exception <a 'java/security/PrivilegedActionException'> (0x00000000eb41f950) thrown at [C:\re\workspace\8-2-build-windows-amd64-cygwin\jdk8u221\13320\hotspot\src\share\vm\prims\jvm.cpp, line 1502]
Event: 0.341 Thread 0x000000000098e000 Exception <a 'java/security/PrivilegedActionException'> (0x00000000eb41fd48) thrown at [C:\re\workspace\8-2-build-windows-amd64-cygwin\jdk8u221\13320\hotspot\src\share\vm\prims\jvm.cpp, line 1502]
Event: 0.346 Thread 0x000000000098e000 Exception <a 'java/security/PrivilegedActionException'> (0x00000000eb44ce08) thrown at [C:\re\workspace\8-2-build-windows-amd64-cygwin\jdk8u221\13320\hotspot\src\share\vm\prims\jvm.cpp, line 1502]
Event: 0.346 Thread 0x000000000098e000 Exception <a 'java/security/PrivilegedActionException'> (0x00000000eb44d200) thrown at [C:\re\workspace\8-2-build-windows-amd64-cygwin\jdk8u221\13320\hotspot\src\share\vm\prims\jvm.cpp, line 1502]
Event: 0.552 Thread 0x000000000098e000 Exception <a 'java/lang/NoSuchFieldError': method resolution failed> (0x00000000eb65c600) thrown at [C:\re\workspace\8-2-build-windows-amd64-cygwin\jdk8u221\13320\hotspot\src\share\vm\prims\methodHandles.cpp, line 1167]
Event: 0.555 Thread 0x000000000098e000 Exception <a 'java/lang/NoSuchFieldError': method resolution failed> (0x00000000eb669980) thrown at [C:\re\workspace\8-2-build-windows-amd64-cygwin\jdk8u221\13320\hotspot\src\share\vm\prims\methodHandles.cpp, line 1167]
Event: 2.043 Thread 0x000000000098e000 Implicit null exception at 0x000000000277c4d9 to 0x000000000277c88d
Event: 2.882 Thread 0x000000000098e000 Exception <a 'java/lang/ArrayIndexOutOfBoundsException': 18> (0x00000000eb9615e8) thrown at [C:\re\workspace\8-2-build-windows-amd64-cygwin\jdk8u221\13320\hotspot\src\share\vm\interpreter\interpreterRuntime.cpp, line 368]

Events (10 events):
Event: 5.471 loading class org/hibernate/hql/internal/ast/tree/IntoClause
Event: 5.471 loading class org/hibernate/hql/internal/ast/tree/IntoClause done
Event: 5.476 loading class antlr/FileLineFormatter
Event: 5.476 loading class antlr/FileLineFormatter done
Event: 5.481 loading class antlr/DefaultFileLineFormatter
Event: 5.481 loading class antlr/DefaultFileLineFormatter done
Event: 5.504 loading class java/lang/Throwable$WrappedPrintStream
Event: 5.516 loading class java/lang/Throwable$WrappedPrintStream done
Event: 5.538 Thread 0x000000000098e000 Thread exited: 0x000000000098e000
Event: 5.538 Thread 0x000000000098e000 Thread added: 0x000000000098e000


Dynamic libraries:
0x00007ff7fbb40000 - 0x00007ff7fbb77000 	C:\Program Files\Java\jdk1.8.0_221\bin\javaw.exe
0x00007ffd2f820000 - 0x00007ffd2fa01000 	C:\WINDOWS\SYSTEM32\ntdll.dll
0x00007ffd240e0000 - 0x00007ffd240f2000 	C:\Program Files\AVAST Software\Avast\aswhook.dll
0x00007ffd2f440000 - 0x00007ffd2f4f2000 	C:\WINDOWS\System32\KERNEL32.DLL
0x00007ffd2be90000 - 0x00007ffd2c103000 	C:\WINDOWS\System32\KERNELBASE.dll
0x00007ffd2e8d0000 - 0x00007ffd2e971000 	C:\WINDOWS\System32\ADVAPI32.dll
0x00007ffd2e830000 - 0x00007ffd2e8ce000 	C:\WINDOWS\System32\msvcrt.dll
0x00007ffd2e0f0000 - 0x00007ffd2e14b000 	C:\WINDOWS\System32\sechost.dll
0x00007ffd2f030000 - 0x00007ffd2f154000 	C:\WINDOWS\System32\RPCRT4.dll
0x00007ffd2f660000 - 0x00007ffd2f7f0000 	C:\WINDOWS\System32\USER32.dll
0x00007ffd2c980000 - 0x00007ffd2c9a0000 	C:\WINDOWS\System32\win32u.dll
0x00007ffd2e980000 - 0x00007ffd2e9a8000 	C:\WINDOWS\System32\GDI32.dll
0x00007ffd2ca70000 - 0x00007ffd2cc02000 	C:\WINDOWS\System32\gdi32full.dll
0x00007ffd2cc10000 - 0x00007ffd2ccaf000 	C:\WINDOWS\System32\msvcp_win.dll
0x00007ffd2c820000 - 0x00007ffd2c91a000 	C:\WINDOWS\System32\ucrtbase.dll
0x00007ffd16b50000 - 0x00007ffd16db9000 	C:\WINDOWS\WinSxS\amd64_microsoft.windows.common-controls_6595b64144ccf1df_6.0.17134.165_none_fb429645306569ac\COMCTL32.dll
0x00007ffd2ed00000 - 0x00007ffd2f023000 	C:\WINDOWS\System32\combase.dll
0x00007ffd2c9a0000 - 0x00007ffd2ca1a000 	C:\WINDOWS\System32\bcryptPrimitives.dll
0x00007ffd2ecb0000 - 0x00007ffd2ecdd000 	C:\WINDOWS\System32\IMM32.DLL
0x0000000062590000 - 0x0000000062662000 	C:\Program Files\Java\jdk1.8.0_221\jre\bin\msvcr100.dll
0x0000000062670000 - 0x0000000062f15000 	C:\Program Files\Java\jdk1.8.0_221\jre\bin\server\jvm.dll
0x00007ffd2f300000 - 0x00007ffd2f308000 	C:\WINDOWS\System32\PSAPI.DLL
0x00007ffd2a3b0000 - 0x00007ffd2a3b9000 	C:\WINDOWS\SYSTEM32\WSOCK32.dll
0x00007ffd2e7c0000 - 0x00007ffd2e82c000 	C:\WINDOWS\System32\WS2_32.dll
0x00007ffd299e0000 - 0x00007ffd29a03000 	C:\WINDOWS\SYSTEM32\WINMM.dll
0x00007ffd23820000 - 0x00007ffd2382a000 	C:\WINDOWS\SYSTEM32\VERSION.dll
0x00007ffd299b0000 - 0x00007ffd299da000 	C:\WINDOWS\SYSTEM32\WINMMBASE.dll
0x00007ffd2ca20000 - 0x00007ffd2ca69000 	C:\WINDOWS\System32\cfgmgr32.dll
0x00007ffd25d20000 - 0x00007ffd25d2f000 	C:\Program Files\Java\jdk1.8.0_221\jre\bin\verify.dll
0x00007ffd13400000 - 0x00007ffd13429000 	C:\Program Files\Java\jdk1.8.0_221\jre\bin\java.dll
0x00007ffd205c0000 - 0x00007ffd205d6000 	C:\Program Files\Java\jdk1.8.0_221\jre\bin\zip.dll
0x00007ffd2ccb0000 - 0x00007ffd2e0f0000 	C:\WINDOWS\System32\SHELL32.dll
0x00007ffd2e1b0000 - 0x00007ffd2e259000 	C:\WINDOWS\System32\shcore.dll
0x00007ffd2c110000 - 0x00007ffd2c81d000 	C:\WINDOWS\System32\windows.storage.dll
0x00007ffd2f3e0000 - 0x00007ffd2f431000 	C:\WINDOWS\System32\shlwapi.dll
0x00007ffd2bba0000 - 0x00007ffd2bbb1000 	C:\WINDOWS\System32\kernel.appcore.dll
0x00007ffd2bbc0000 - 0x00007ffd2bbdf000 	C:\WINDOWS\System32\profapi.dll
0x00007ffd2bb30000 - 0x00007ffd2bb7c000 	C:\WINDOWS\System32\powrprof.dll
0x00007ffd2bbe0000 - 0x00007ffd2bbea000 	C:\WINDOWS\System32\FLTLIB.DLL
0x00007ffd2b680000 - 0x00007ffd2b697000 	C:\WINDOWS\SYSTEM32\CRYPTSP.dll
0x00007ffd2abd0000 - 0x00007ffd2ac03000 	C:\WINDOWS\system32\rsaenh.dll
0x00007ffd2b650000 - 0x00007ffd2b675000 	C:\WINDOWS\SYSTEM32\bcrypt.dll
0x00007ffd2ba30000 - 0x00007ffd2ba58000 	C:\WINDOWS\SYSTEM32\USERENV.dll
0x00007ffd2b580000 - 0x00007ffd2b58b000 	C:\WINDOWS\SYSTEM32\CRYPTBASE.dll
0x00007ffd1fb50000 - 0x00007ffd1fb6a000 	C:\Program Files\Java\jdk1.8.0_221\jre\bin\net.dll
0x00007ffd1f0a0000 - 0x00007ffd1f268000 	C:\WINDOWS\SYSTEM32\urlmon.dll
0x00007ffd1f4f0000 - 0x00007ffd1f792000 	C:\WINDOWS\SYSTEM32\iertutil.dll
0x00007ffd2aff0000 - 0x00007ffd2b056000 	C:\WINDOWS\system32\mswsock.dll
0x00007ffd2ad70000 - 0x00007ffd2ada8000 	C:\WINDOWS\SYSTEM32\IPHLPAPI.DLL
0x00007ffd2e9b0000 - 0x00007ffd2e9b8000 	C:\WINDOWS\System32\NSI.dll
0x00007ffd22390000 - 0x00007ffd223a6000 	C:\WINDOWS\SYSTEM32\dhcpcsvc6.DLL
0x00007ffd22640000 - 0x00007ffd2265a000 	C:\WINDOWS\SYSTEM32\dhcpcsvc.DLL
0x00007ffd1fa10000 - 0x00007ffd1fa22000 	C:\Program Files\Java\jdk1.8.0_221\jre\bin\nio.dll
0x00007ffd2adc0000 - 0x00007ffd2ae7e000 	C:\WINDOWS\SYSTEM32\DNSAPI.dll
0x00007ffd18870000 - 0x00007ffd1887a000 	C:\Windows\System32\rasadhlp.dll
0x00007ffd1f270000 - 0x00007ffd1f2e2000 	C:\WINDOWS\System32\fwpuclnt.dll

VM Arguments:
jvm_args: -Dfile.encoding=Cp1252 
java_command: com.fahim.main.Main
java_class_path (initial): D:\Hibernate Workspace\HQLQueries\target\classes;C:\Users\HP\.m2\repository\mysql\mysql-connector-java\5.1.31\mysql-connector-java-5.1.31.jar;C:\Users\HP\.m2\repository\org\hibernate\hibernate-core\5.3.7.Final\hibernate-core-5.3.7.Final.jar;C:\Users\HP\.m2\repository\org\jboss\logging\jboss-logging\3.3.2.Final\jboss-logging-3.3.2.Final.jar;C:\Users\HP\.m2\repository\javax\persistence\javax.persistence-api\2.2\javax.persistence-api-2.2.jar;C:\Users\HP\.m2\repository\org\javassist\javassist\3.23.1-GA\javassist-3.23.1-GA.jar;C:\Users\HP\.m2\repository\net\bytebuddy\byte-buddy\1.8.17\byte-buddy-1.8.17.jar;C:\Users\HP\.m2\repository\antlr\antlr\2.7.7\antlr-2.7.7.jar;C:\Users\HP\.m2\repository\org\jboss\spec\javax\transaction\jboss-transaction-api_1.2_spec\1.1.1.Final\jboss-transaction-api_1.2_spec-1.1.1.Final.jar;C:\Users\HP\.m2\repository\org\jboss\jandex\2.0.5.Final\jandex-2.0.5.Final.jar;C:\Users\HP\.m2\repository\com\fasterxml\classmate\1.3.4\classmate-1.3.4.jar;C:\Users\HP\.m2\repository\javax\activation\javax.activation-api\1.2.0\javax.activation-api-1.2.0.jar;C:\Users\HP\.m2\repository\org\dom4j\dom4j\2.1.1\dom4j-2.1.1.jar;C:\Users\HP\.m2\repository\org\hibernate\common\hibernate-commons-annotations\5.0.4.Final\hibernate-commons-annotations-5.0.4.Final.jar
Launcher Type: SUN_STANDARD

Environment Variables:
JAVA_HOME=C:\Program Files\Java\jdk1.8.0_221\bin
PATH=C:/Program Files/Java/jdk1.8.0_221/bin/../jre/bin/server;C:/Program Files/Java/jdk1.8.0_221/bin/../jre/bin;C:/Program Files/Java/jdk1.8.0_221/bin/../jre/lib/amd64;C:\Program Files (x86)\Common Files\Oracle\Java\javapath;C:\WINDOWS\system32;C:\WINDOWS;C:\WINDOWS\System32\Wbem;C:\WINDOWS\System32\WindowsPowerShell\v1.0\;%JAVA_HOME%;%CATALINA_HOME%\bin;C:\WINDOWS\System32\OpenSSH\;C:\Program Files\Git\cmd;C:\Users\HP\AppData\Local\Microsoft\WindowsApps;C:\Program Files\Microsoft VS Code\bin;C:\Users\HP\eclipse\jee-2019-062\eclipse;
USERNAME=HP
OS=Windows_NT
PROCESSOR_IDENTIFIER=Intel64 Family 6 Model 61 Stepping 4, GenuineIntel



---------------  S Y S T E M  ---------------

OS: Windows 10.0 , 64 bit Build 17134 (10.0.17134.1)

CPU:total 4 (initial active 4) (2 cores per cpu, 2 threads per core) family 6 model 61 stepping 4, cmov, cx8, fxsr, mmx, sse, sse2, sse3, ssse3, sse4.1, sse4.2, popcnt, clmul, erms, 3dnowpref, lzcnt, ht, tsc, tscinvbit

Memory: 4k page, physical 4107660k(538664k free), swap 16690572k(4084k free)

vm_info: Java HotSpot(TM) 64-Bit Server VM (25.221-b11) for windows-amd64 JRE (1.8.0_221-b11), built on Jul  4 2019 04:39:29 by "java_re" with MS VC++ 10.0 (VS2010)

time: Mon Sep 16 18:26:31 2019
timezone: India Standard Time
elapsed time: 5 seconds (0d 0h 0m 5s)

